Using pre-set license
Built from '2021.2/staging' branch; Version is '2021.2.11f1 (e50cafbb4399) revision 15010991'; Using compiler version '192829333'; Build Type 'Release'
OS: 'Windows 10  (10.0.19044) 64bit Professional' Language: 'es' Physical Memory: 16332 MB
BatchMode: 1, IsHumanControllingUs: 0, StartBugReporterOnCrash: 0, Is64bit: 1, IsPro: 0

COMMAND LINE ARGUMENTS:
G:\Programas\Unity\2021.2.11f1\Editor\Unity.exe
-adb2
-batchMode
-noUpm
-name
AssetImportWorker5
-projectPath
D:/GitHub Proyects/TFG/PrototipoAR
-logFile
Logs/AssetImportWorker5.log
-srvPort
65398
Successfully changed project path to: D:/GitHub Proyects/TFG/PrototipoAR
D:/GitHub Proyects/TFG/PrototipoAR
[UnityMemory] Configuration Parameters - Can be set up in boot.config
    "memorysetup-bucket-allocator-granularity=16"
    "memorysetup-bucket-allocator-bucket-count=8"
    "memorysetup-bucket-allocator-block-size=33554432"
    "memorysetup-bucket-allocator-block-count=8"
    "memorysetup-main-allocator-block-size=16777216"
    "memorysetup-thread-allocator-block-size=16777216"
    "memorysetup-gfx-main-allocator-block-size=16777216"
    "memorysetup-gfx-thread-allocator-block-size=16777216"
    "memorysetup-cache-allocator-block-size=4194304"
    "memorysetup-typetree-allocator-block-size=2097152"
    "memorysetup-profiler-bucket-allocator-granularity=16"
    "memorysetup-profiler-bucket-allocator-bucket-count=8"
    "memorysetup-profiler-bucket-allocator-block-size=33554432"
    "memorysetup-profiler-bucket-allocator-block-count=8"
    "memorysetup-profiler-allocator-block-size=16777216"
    "memorysetup-profiler-editor-allocator-block-size=1048576"
    "memorysetup-temp-allocator-size-main=16777216"
    "memorysetup-job-temp-allocator-block-size=2097152"
    "memorysetup-job-temp-allocator-block-size-background=1048576"
    "memorysetup-job-temp-allocator-reduction-small-platforms=262144"
    "memorysetup-temp-allocator-size-background-worker=32768"
    "memorysetup-temp-allocator-size-job-worker=262144"
    "memorysetup-temp-allocator-size-preload-manager=33554432"
    "memorysetup-temp-allocator-size-nav-mesh-worker=65536"
    "memorysetup-temp-allocator-size-audio-worker=65536"
    "memorysetup-temp-allocator-size-cloud-worker=32768"
    "memorysetup-temp-allocator-size-gi-baking-worker=262144"
    "memorysetup-temp-allocator-size-gfx=262144"
Refreshing native plugins compatible for Editor in 105.04 ms, found 9 plugins.
Preloading 0 native plugins for Editor in 0.00 ms.
Initialize engine version: 2021.2.11f1 (e50cafbb4399)
[Subsystems] Discovering subsystems at path G:/Programas/Unity/2021.2.11f1/Editor/Data/Resources/UnitySubsystems
[Subsystems] Discovering subsystems at path D:/GitHub Proyects/TFG/PrototipoAR/Assets
GfxDevice: creating device client; threaded=0; jobified=0
Direct3D:
    Version:  Direct3D 11.0 [level 11.1]
    Renderer: NVIDIA GeForce GTX 1070 (ID=0x1b81)
    Vendor:   NVIDIA
    VRAM:     8088 MB
    Driver:   30.0.15.1179
Initialize mono
Mono path[0] = 'G:/Programas/Unity/2021.2.11f1/Editor/Data/Managed'
Mono path[1] = 'G:/Programas/Unity/2021.2.11f1/Editor/Data/MonoBleedingEdge/lib/mono/unityjit-win32'
Mono config path = 'G:/Programas/Unity/2021.2.11f1/Editor/Data/MonoBleedingEdge/etc'
Using monoOptions --debugger-agent=transport=dt_socket,embedding=1,server=y,suspend=n,address=127.0.0.1:56756
Begin MonoManager ReloadAssembly
Registering precompiled unity dll's ...
Register platform support module: G:/Programas/Unity/2021.2.11f1/Editor/Data/PlaybackEngines/WindowsStandaloneSupport/UnityEditor.WindowsStandalone.Extensions.dll
Registered in 0.002596 seconds.
Native extension for WindowsStandalone target not found
Refreshing native plugins compatible for Editor in 85.54 ms, found 9 plugins.
Preloading 0 native plugins for Editor in 0.00 ms.
Mono: successfully reloaded assembly
- Completed reload, in  0.514 seconds
Domain Reload Profiling:
	ReloadAssembly (515ms)
		BeginReloadAssembly (58ms)
			ExecutionOrderSort (0ms)
			DisableScriptedObjects (0ms)
			BackupInstance (0ms)
			ReleaseScriptingObjects (0ms)
			CreateAndSetChildDomain (1ms)
		EndReloadAssembly (396ms)
			LoadAssemblies (57ms)
			RebuildTransferFunctionScriptingTraits (0ms)
			SetupTypeCache (85ms)
			ReleaseScriptCaches (0ms)
			RebuildScriptCaches (21ms)
			SetupLoadedEditorAssemblies (248ms)
				LogAssemblyErrors (0ms)
				InitializePlatformSupportModulesInManaged (12ms)
				SetLoadedEditorAssemblies (0ms)
				RefreshPlugins (86ms)
				BeforeProcessingInitializeOnLoad (1ms)
				ProcessInitializeOnLoadAttributes (114ms)
				ProcessInitializeOnLoadMethodAttributes (35ms)
				AfterProcessingInitializeOnLoad (0ms)
				EditorAssembliesLoaded (0ms)
			ExecutionOrderSort2 (0ms)
			AwakeInstancesAfterBackupRestoration (0ms)
Platform modules already initialized, skipping
Registering precompiled user dll's ...
Registered in 0.006498 seconds.
Begin MonoManager ReloadAssembly
Symbol file LoadedFromMemory doesn't match image D:\GitHub Proyects\TFG\PrototipoAR\Library\PackageCache\com.unity.visualscripting@1.7.6\Editor\VisualScripting.Core\Dependencies\DotNetZip\Unity.VisualScripting.IonicZip.dll
Symbol file LoadedFromMemory doesn't match image D:\GitHub Proyects\TFG\PrototipoAR\Library\PackageCache\com.unity.visualscripting@1.7.6\Editor\VisualScripting.Core\Dependencies\YamlDotNet\Unity.VisualScripting.YamlDotNet.dll
Native extension for WindowsStandalone target not found
Refreshing native plugins compatible for Editor in 88.70 ms, found 9 plugins.
Preloading 0 native plugins for Editor in 0.00 ms.
Package Manager log level set to [2]
Mono: successfully reloaded assembly
- Completed reload, in  1.019 seconds
Domain Reload Profiling:
	ReloadAssembly (1019ms)
		BeginReloadAssembly (93ms)
			ExecutionOrderSort (0ms)
			DisableScriptedObjects (5ms)
			BackupInstance (0ms)
			ReleaseScriptingObjects (0ms)
			CreateAndSetChildDomain (17ms)
		EndReloadAssembly (849ms)
			LoadAssemblies (73ms)
			RebuildTransferFunctionScriptingTraits (0ms)
			SetupTypeCache (241ms)
			ReleaseScriptCaches (1ms)
			RebuildScriptCaches (50ms)
			SetupLoadedEditorAssemblies (450ms)
				LogAssemblyErrors (0ms)
				InitializePlatformSupportModulesInManaged (11ms)
				SetLoadedEditorAssemblies (0ms)
				RefreshPlugins (89ms)
				BeforeProcessingInitializeOnLoad (91ms)
				ProcessInitializeOnLoadAttributes (236ms)
				ProcessInitializeOnLoadMethodAttributes (20ms)
				AfterProcessingInitializeOnLoad (3ms)
				EditorAssembliesLoaded (0ms)
			ExecutionOrderSort2 (0ms)
			AwakeInstancesAfterBackupRestoration (5ms)
Platform modules already initialized, skipping
========================================================================
Worker process is ready to serve import requests
Launched and connected shader compiler UnityShaderCompiler.exe after 0.04 seconds
Refreshing native plugins compatible for Editor in 1.73 ms, found 9 plugins.
Preloading 0 native plugins for Editor in 0.00 ms.
Unloading 4371 Unused Serialized files (Serialized files now loaded: 0)
Unloading 49 unused Assets / (144.6 KB). Loaded Objects now: 4809.
Memory consumption went from 150.8 MB to 150.6 MB.
Total: 3.144200 ms (FindLiveObjects: 0.310200 ms CreateObjectMapping: 0.109300 ms MarkObjects: 2.612300 ms  DeleteObjects: 0.111500 ms)

AssetImportParameters requested are different than current active one (requested -> active):
  custom:video-decoder-ogg-theora: a1e56fd34408186e4bbccfd4996cb3dc -> 
  custom:container-muxer-webm: aa71ff27fc2769a1b78a27578f13a17b -> 
  custom:container-demuxer-webm: 4f35f7cbe854078d1ac9338744f61a02 -> 
  custom:video-encoder-webm-vp8: eb34c28f22e8b96e1ab97ce403110664 -> 
  custom:audio-encoder-webm-vorbis: bf7c407c2cedff20999df2af8eb42d56 -> 
  custom:framework-win-MediaFoundation: 216162199b28c13a410421893ffa2e32 -> 
  custom:container-demuxer-ogg: 62fdf1f143b41e24485cea50d1cbac27 -> 
  custom:video-decoder-webm-vp8: 9c59270c3fd7afecdb556c50c9e8de78 -> 
  custom:audio-decoder-ogg-vorbis: bf7c407c2cedff20999df2af8eb42d56 -> 
========================================================================
Received Import Request.
  Time since last request: 15353.763521 seconds.
  path: Assets/Sprites/UI/grey_button01.png
  artifactKey: Guid(7236320a7a97a2f40bed5b9d47a750dd) Importer(815301076,1909f56bfc062723c751e8b465ee728b)
Start importing Assets/Sprites/UI/grey_button01.png using Guid(7236320a7a97a2f40bed5b9d47a750dd) Importer(815301076,1909f56bfc062723c751e8b465ee728b)  -> (artifact id: '02bb7e24a6609631e2714dddce96f8d6') in 0.064081 seconds 
========================================================================
Received Import Request.
  Time since last request: 0.000023 seconds.
  path: Assets/Sprites/UI/red_button07.png
  artifactKey: Guid(41c1beb1254e32e4d8f4b7e3fef46cab) Importer(815301076,1909f56bfc062723c751e8b465ee728b)
Start importing Assets/Sprites/UI/red_button07.png using Guid(41c1beb1254e32e4d8f4b7e3fef46cab) Importer(815301076,1909f56bfc062723c751e8b465ee728b)  -> (artifact id: '133d73e6d3c25096ea138d062820e7e4') in 0.007862 seconds 
========================================================================
Received Import Request.
  Time since last request: 0.000024 seconds.
  path: Assets/Sprites/UI/red_checkmark.png
  artifactKey: Guid(73e9c72bd310e3543b7f449a4e8f267b) Importer(815301076,1909f56bfc062723c751e8b465ee728b)
Start importing Assets/Sprites/UI/red_checkmark.png using Guid(73e9c72bd310e3543b7f449a4e8f267b) Importer(815301076,1909f56bfc062723c751e8b465ee728b)  -> (artifact id: '857744111595e2220fa914e4bbb2e9e0') in 0.006196 seconds 
========================================================================
Received Import Request.
  Time since last request: 0.000022 seconds.
  path: Assets/Sprites/UI/red_button11.png
  artifactKey: Guid(bc782f1107e0f1a42a844f23371b3779) Importer(815301076,1909f56bfc062723c751e8b465ee728b)
Start importing Assets/Sprites/UI/red_button11.png using Guid(bc782f1107e0f1a42a844f23371b3779) Importer(815301076,1909f56bfc062723c751e8b465ee728b)  -> (artifact id: '783079384d394fe71a5ef999c57fbe20') in 0.007237 seconds 
========================================================================
Received Import Request.
  Time since last request: 0.000034 seconds.
  path: Assets/Sprites/UI/grey_panel.png
  artifactKey: Guid(41592a01d458bbb4d860249e73ed8347) Importer(815301076,1909f56bfc062723c751e8b465ee728b)
Start importing Assets/Sprites/UI/grey_panel.png using Guid(41592a01d458bbb4d860249e73ed8347) Importer(815301076,1909f56bfc062723c751e8b465ee728b)  -> (artifact id: 'ba0c23cc624b1501eccbd1a37e76a759') in 0.008834 seconds 
========================================================================
Received Import Request.
  Time since last request: 0.000024 seconds.
  path: Assets/Sprites/UI/red_boxTick.png
  artifactKey: Guid(6c4b919a79fd54e4bb3111cd3301109e) Importer(815301076,1909f56bfc062723c751e8b465ee728b)
Start importing Assets/Sprites/UI/red_boxTick.png using Guid(6c4b919a79fd54e4bb3111cd3301109e) Importer(815301076,1909f56bfc062723c751e8b465ee728b)  -> (artifact id: '7477f641ed31b36156a838c5569dcc45') in 0.006671 seconds 
========================================================================
Received Import Request.
  Time since last request: 0.000023 seconds.
  path: Assets/Sprites/UI/grey_crossWhite.png
  artifactKey: Guid(5523d7a2f5ee1cd4082fb1513e70e163) Importer(815301076,1909f56bfc062723c751e8b465ee728b)
Start importing Assets/Sprites/UI/grey_crossWhite.png using Guid(5523d7a2f5ee1cd4082fb1513e70e163) Importer(815301076,1909f56bfc062723c751e8b465ee728b)  -> (artifact id: 'cc15182163132a4db201a1b0bf4590af') in 0.007440 seconds 
========================================================================
Received Import Request.
  Time since last request: 0.000036 seconds.
  path: Assets/Sprites/UI/red_boxCross.png
  artifactKey: Guid(5c7af0ba4e2433e4697bf69587525c1b) Importer(815301076,1909f56bfc062723c751e8b465ee728b)
Start importing Assets/Sprites/UI/red_boxCross.png using Guid(5c7af0ba4e2433e4697bf69587525c1b) Importer(815301076,1909f56bfc062723c751e8b465ee728b)  -> (artifact id: 'c0fc28bd299c4b9a9233a7c6d763c2b9') in 0.031573 seconds 
========================================================================
Received Import Request.
  Time since last request: 0.000018 seconds.
  path: Assets/Sprites/UI/grey_button05.png
  artifactKey: Guid(beb6d4589c6ee434dbf1189a9e6a595d) Importer(815301076,1909f56bfc062723c751e8b465ee728b)
Start importing Assets/Sprites/UI/grey_button05.png using Guid(beb6d4589c6ee434dbf1189a9e6a595d) Importer(815301076,1909f56bfc062723c751e8b465ee728b)  -> (artifact id: 'a503d519ecf8c1b77351270dd4ad03fc') in 0.007398 seconds 
========================================================================
Received Import Request.
  Time since last request: 0.000026 seconds.
  path: Assets/Sprites/UI/red_button01.png
  artifactKey: Guid(bee135838af60a242aa47c8184208fe6) Importer(815301076,1909f56bfc062723c751e8b465ee728b)
Start importing Assets/Sprites/UI/red_button01.png using Guid(bee135838af60a242aa47c8184208fe6) Importer(815301076,1909f56bfc062723c751e8b465ee728b)  -> (artifact id: '0b73f7abb0237aff26758936b9ad7990') in 0.008540 seconds 
========================================================================
Received Import Request.
  Time since last request: 0.000016 seconds.
  path: Assets/Sprites/UI/grey_sliderLeft.png
  artifactKey: Guid(aedd7cfa23001fd42b525f29a032162f) Importer(815301076,1909f56bfc062723c751e8b465ee728b)
Start importing Assets/Sprites/UI/grey_sliderLeft.png using Guid(aedd7cfa23001fd42b525f29a032162f) Importer(815301076,1909f56bfc062723c751e8b465ee728b)  -> (artifact id: '7b87a4e40d3e2d0aa6b29a2ac9453f77') in 0.006505 seconds 
========================================================================
Received Import Request.
  Time since last request: 0.000023 seconds.
  path: Assets/Sprites/UI/grey_button08.png
  artifactKey: Guid(ec37dc8f899d32e49b452cfd3b2179b8) Importer(815301076,1909f56bfc062723c751e8b465ee728b)
Start importing Assets/Sprites/UI/grey_button08.png using Guid(ec37dc8f899d32e49b452cfd3b2179b8) Importer(815301076,1909f56bfc062723c751e8b465ee728b)  -> (artifact id: '14687918a7ed6b8a7dde0146a7665c9b') in 0.006890 seconds 
========================================================================
Received Import Request.
  Time since last request: 0.000019 seconds.
  path: Assets/Sprites/UI/grey_button09.png
  artifactKey: Guid(30048e9a45559004ba87b660133b1dd3) Importer(815301076,1909f56bfc062723c751e8b465ee728b)
Start importing Assets/Sprites/UI/grey_button09.png using Guid(30048e9a45559004ba87b660133b1dd3) Importer(815301076,1909f56bfc062723c751e8b465ee728b)  -> (artifact id: 'd9d21ff00f7476b296fdc244cf86a4e6') in 0.006299 seconds 
========================================================================
Received Import Request.
  Time since last request: 0.017680 seconds.
  path: Assets/Sprites/UI/yellow_button01.png
  artifactKey: Guid(e5ce0dda6e6177844b3b24bec62c497b) Importer(815301076,1909f56bfc062723c751e8b465ee728b)
Start importing Assets/Sprites/UI/yellow_button01.png using Guid(e5ce0dda6e6177844b3b24bec62c497b) Importer(815301076,1909f56bfc062723c751e8b465ee728b)  -> (artifact id: 'a52be8c78108ebf2727b462cf9ed5ff7') in 0.008338 seconds 
========================================================================
Received Import Request.
  Time since last request: 0.000019 seconds.
  path: Assets/Sprites/UI/yellow_button07.png
  artifactKey: Guid(e3c018c82c26a7149b28ed18fc06e2cf) Importer(815301076,1909f56bfc062723c751e8b465ee728b)
Start importing Assets/Sprites/UI/yellow_button07.png using Guid(e3c018c82c26a7149b28ed18fc06e2cf) Importer(815301076,1909f56bfc062723c751e8b465ee728b)  -> (artifact id: '4e3d7caeb18e1f501955ce2775042538') in 0.008106 seconds 
========================================================================
Received Import Request.
  Time since last request: 0.000024 seconds.
  path: Assets/Sprites/UI/yellow_button08.png
  artifactKey: Guid(e4528aebd944b5544962eb3fcb3d1e18) Importer(815301076,1909f56bfc062723c751e8b465ee728b)
Start importing Assets/Sprites/UI/yellow_button08.png using Guid(e4528aebd944b5544962eb3fcb3d1e18) Importer(815301076,1909f56bfc062723c751e8b465ee728b)  -> (artifact id: '34d0bbcad81e0d53190c972875a4727e') in 0.008036 seconds 
========================================================================
Received Import Request.
  Time since last request: 0.000014 seconds.
  path: Assets/Sprites/UI/yellow_panel.png
  artifactKey: Guid(93b0b567f7b60c24287bc1a88cce8a61) Importer(815301076,1909f56bfc062723c751e8b465ee728b)
Start importing Assets/Sprites/UI/yellow_panel.png using Guid(93b0b567f7b60c24287bc1a88cce8a61) Importer(815301076,1909f56bfc062723c751e8b465ee728b)  -> (artifact id: '97dc3ad370d7d19b8bea92f305c2bfe1') in 0.007836 seconds 
========================================================================
Received Import Request.
  Time since last request: 0.000013 seconds.
  path: Assets/Sprites/UI/yellow_tick.png
  artifactKey: Guid(87e4750962159ba45982a300b03dbfc7) Importer(815301076,1909f56bfc062723c751e8b465ee728b)
Start importing Assets/Sprites/UI/yellow_tick.png using Guid(87e4750962159ba45982a300b03dbfc7) Importer(815301076,1909f56bfc062723c751e8b465ee728b)  -> (artifact id: '48a9b1708900a2d4a99158094ea611e6') in 0.006945 seconds 
========================================================================
Received Import Request.
  Time since last request: 0.000022 seconds.
  path: Assets/Sprites/UI/yellow_circle.png
  artifactKey: Guid(8a5d9742bbe8cbc4b9dd0b642b7418b6) Importer(815301076,1909f56bfc062723c751e8b465ee728b)
Start importing Assets/Sprites/UI/yellow_circle.png using Guid(8a5d9742bbe8cbc4b9dd0b642b7418b6) Importer(815301076,1909f56bfc062723c751e8b465ee728b)  -> (artifact id: 'a7f461a970d90e792a16190f5454ffe4') in 0.121621 seconds 
========================================================================
Received Import Request.
  Time since last request: 6.593764 seconds.
  path: Assets/Sprites/UI/red_button11.png
  artifactKey: Guid(bc782f1107e0f1a42a844f23371b3779) Importer(815301076,1909f56bfc062723c751e8b465ee728b)
Start importing Assets/Sprites/UI/red_button11.png using Guid(bc782f1107e0f1a42a844f23371b3779) Importer(815301076,1909f56bfc062723c751e8b465ee728b)  -> (artifact id: 'bf9f4f1676dc1bf6a90820eb5824a745') in 0.057423 seconds 
========================================================================
Received Import Request.
  Time since last request: 0.000022 seconds.
  path: Assets/Sprites/UI/red_button13.png
  artifactKey: Guid(9c0ba88946c22aa4e9fb4ebecaa592c0) Importer(815301076,1909f56bfc062723c751e8b465ee728b)
Start importing Assets/Sprites/UI/red_button13.png using Guid(9c0ba88946c22aa4e9fb4ebecaa592c0) Importer(815301076,1909f56bfc062723c751e8b465ee728b)  -> (artifact id: 'ad6c999261447d379649440b04b76a79') in 0.019598 seconds 
========================================================================
Received Import Request.
  Time since last request: 0.000027 seconds.
  path: Assets/Sprites/UI/yellow_button12.png
  artifactKey: Guid(2965f837774971649b6517b1c3cc53ca) Importer(815301076,1909f56bfc062723c751e8b465ee728b)
Start importing Assets/Sprites/UI/yellow_button12.png using Guid(2965f837774971649b6517b1c3cc53ca) Importer(815301076,1909f56bfc062723c751e8b465ee728b)  -> (artifact id: '84b3131cb1ae22adf989ecd96a1115da') in 0.029787 seconds 
========================================================================
Received Import Request.
  Time since last request: 0.000029 seconds.
  path: Assets/Sprites/UI/yellow_button00.png
  artifactKey: Guid(bb60caed139f99c44bb699cb7fd9cb80) Importer(815301076,1909f56bfc062723c751e8b465ee728b)
Start importing Assets/Sprites/UI/yellow_button00.png using Guid(bb60caed139f99c44bb699cb7fd9cb80) Importer(815301076,1909f56bfc062723c751e8b465ee728b)  -> (artifact id: '213f2a5106ab550c408087b8e26e7cf1') in 0.025690 seconds 
========================================================================
Received Import Request.
  Time since last request: 0.000031 seconds.
  path: Assets/Sprites/UI/red_circle.png
  artifactKey: Guid(750b17d37baa01b4d8946ee9dc4f6263) Importer(815301076,1909f56bfc062723c751e8b465ee728b)
Start importing Assets/Sprites/UI/red_circle.png using Guid(750b17d37baa01b4d8946ee9dc4f6263) Importer(815301076,1909f56bfc062723c751e8b465ee728b)  -> (artifact id: '385196c92aed91025d53516f9f07fd2d') in 0.013241 seconds 
========================================================================
Received Import Request.
  Time since last request: 0.000021 seconds.
  path: Assets/Sprites/UI/yellow_boxCross.png
  artifactKey: Guid(51cf74dd2bfd6e847a413cdd9b810c16) Importer(815301076,1909f56bfc062723c751e8b465ee728b)
Start importing Assets/Sprites/UI/yellow_boxCross.png using Guid(51cf74dd2bfd6e847a413cdd9b810c16) Importer(815301076,1909f56bfc062723c751e8b465ee728b)  -> (artifact id: '96d740ae375024d61a76e5ec9493796b') in 0.010711 seconds 
========================================================================
Received Import Request.
  Time since last request: 0.000021 seconds.
  path: Assets/Sprites/UI/red_tick.png
  artifactKey: Guid(906a308835f85004a99ce38c9076e45b) Importer(815301076,1909f56bfc062723c751e8b465ee728b)
Start importing Assets/Sprites/UI/red_tick.png using Guid(906a308835f85004a99ce38c9076e45b) Importer(815301076,1909f56bfc062723c751e8b465ee728b)  -> (artifact id: '7835929e8d93a847bc9d0a823abc9d18') in 0.010977 seconds 
========================================================================
Received Import Request.
  Time since last request: 0.000018 seconds.
  path: Assets/Sprites/UI/red_sliderRight.png
  artifactKey: Guid(ac774e9d8f184224cb4393aff10cea87) Importer(815301076,1909f56bfc062723c751e8b465ee728b)
Start importing Assets/Sprites/UI/red_sliderRight.png using Guid(ac774e9d8f184224cb4393aff10cea87) Importer(815301076,1909f56bfc062723c751e8b465ee728b)  -> (artifact id: '205ecf41909d3f2af6bcdd70712967ac') in 0.011381 seconds 
========================================================================
Received Import Request.
  Time since last request: 0.000017 seconds.
  path: Assets/Sprites/UI/yellow_sliderUp.png
  artifactKey: Guid(8edd66f0e444aa541bf1a159c45307c8) Importer(815301076,1909f56bfc062723c751e8b465ee728b)
Start importing Assets/Sprites/UI/yellow_sliderUp.png using Guid(8edd66f0e444aa541bf1a159c45307c8) Importer(815301076,1909f56bfc062723c751e8b465ee728b)  -> (artifact id: '3eda9e61da61b28f3f615f274bf5c589') in 0.011565 seconds 
========================================================================
Received Import Request.
  Time since last request: 0.788519 seconds.
  path: Assets/Sprites/UI/grey_tickWhite.png
  artifactKey: Guid(6f9e638bd06871049995f25716c8043e) Importer(815301076,1909f56bfc062723c751e8b465ee728b)
Start importing Assets/Sprites/UI/grey_tickWhite.png using Guid(6f9e638bd06871049995f25716c8043e) Importer(815301076,1909f56bfc062723c751e8b465ee728b)  -> (artifact id: 'a422da620602c492effe97175be0a495') in 0.035631 seconds 
========================================================================
Received Import Request.
  Time since last request: 0.000019 seconds.
  path: Assets/Sprites/UI/red_button04.png
  artifactKey: Guid(bdc3f460eb56e4b44b35e9675a1dda94) Importer(815301076,1909f56bfc062723c751e8b465ee728b)
Start importing Assets/Sprites/UI/red_button04.png using Guid(bdc3f460eb56e4b44b35e9675a1dda94) Importer(815301076,1909f56bfc062723c751e8b465ee728b)  -> (artifact id: 'a62b197563c3a23d1a12f46a1d844662') in 0.016487 seconds 
========================================================================
Received Import Request.
  Time since last request: 0.000030 seconds.
  path: Assets/Sprites/UI/red_boxTick.png
  artifactKey: Guid(6c4b919a79fd54e4bb3111cd3301109e) Importer(815301076,1909f56bfc062723c751e8b465ee728b)
Start importing Assets/Sprites/UI/red_boxTick.png using Guid(6c4b919a79fd54e4bb3111cd3301109e) Importer(815301076,1909f56bfc062723c751e8b465ee728b)  -> (artifact id: 'aa277e83c624342cd041e6e1b9044d4b') in 0.010193 seconds 
========================================================================
Received Import Request.
  Time since last request: 0.000020 seconds.
  path: Assets/Sprites/UI/red_button06.png
  artifactKey: Guid(72e1575dc1df31a4ba3d67315c6d561d) Importer(815301076,1909f56bfc062723c751e8b465ee728b)
Start importing Assets/Sprites/UI/red_button06.png using Guid(72e1575dc1df31a4ba3d67315c6d561d) Importer(815301076,1909f56bfc062723c751e8b465ee728b)  -> (artifact id: 'd075ff21cbb6b433cf12075c95bfd7be') in 0.013860 seconds 
========================================================================
Received Import Request.
  Time since last request: 0.000025 seconds.
  path: Assets/Sprites/UI/grey_sliderDown.png
  artifactKey: Guid(6c341185165889a4c97b3c91df9a579d) Importer(815301076,1909f56bfc062723c751e8b465ee728b)
Start importing Assets/Sprites/UI/grey_sliderDown.png using Guid(6c341185165889a4c97b3c91df9a579d) Importer(815301076,1909f56bfc062723c751e8b465ee728b)  -> (artifact id: 'a722520da3a323e59a3763fd590c4388') in 0.168210 seconds 
========================================================================
Received Import Request.
  Time since last request: 0.000017 seconds.
  path: Assets/Sprites/UI/grey_button06.png
  artifactKey: Guid(29df1d6b9f8156140bb9a94e8dfcde0e) Importer(815301076,1909f56bfc062723c751e8b465ee728b)
Start importing Assets/Sprites/UI/grey_button06.png using Guid(29df1d6b9f8156140bb9a94e8dfcde0e) Importer(815301076,1909f56bfc062723c751e8b465ee728b)  -> (artifact id: '505d83fe294d6b1a2492fb725e0ba398') in 0.090943 seconds 
========================================================================
Received Import Request.
  Time since last request: 0.000046 seconds.
  path: Assets/Sprites/UI/grey_sliderRight.png
  artifactKey: Guid(dd2cbaa72a473854db4127f8f2d167a1) Importer(815301076,1909f56bfc062723c751e8b465ee728b)
Start importing Assets/Sprites/UI/grey_sliderRight.png using Guid(dd2cbaa72a473854db4127f8f2d167a1) Importer(815301076,1909f56bfc062723c751e8b465ee728b)  -> (artifact id: '873ebeaadc2f047f639d59685c75d433') in 0.049986 seconds 
========================================================================
Received Import Request.
  Time since last request: 0.000017 seconds.
  path: Assets/Sprites/UI/grey_crossWhite.png
  artifactKey: Guid(5523d7a2f5ee1cd4082fb1513e70e163) Importer(815301076,1909f56bfc062723c751e8b465ee728b)
Start importing Assets/Sprites/UI/grey_crossWhite.png using Guid(5523d7a2f5ee1cd4082fb1513e70e163) Importer(815301076,1909f56bfc062723c751e8b465ee728b)  -> (artifact id: '0ef6668db818a4b2eb12a9b3ef048c7d') in 0.026626 seconds 
========================================================================
Received Import Request.
  Time since last request: 0.000016 seconds.
  path: Assets/Sprites/UI/green_sliderRight.png
  artifactKey: Guid(88117bf2eb52be142a85ecfba217420e) Importer(815301076,1909f56bfc062723c751e8b465ee728b)
Start importing Assets/Sprites/UI/green_sliderRight.png using Guid(88117bf2eb52be142a85ecfba217420e) Importer(815301076,1909f56bfc062723c751e8b465ee728b)  -> (artifact id: 'f2f5f5428751c5fea24ea3abb04d67a1') in 0.012256 seconds 
========================================================================
Received Import Request.
  Time since last request: 0.000016 seconds.
  path: Assets/Sprites/UI/grey_circle.png
  artifactKey: Guid(e24d3d6a115046d4e8ddb07ddf796ef8) Importer(815301076,1909f56bfc062723c751e8b465ee728b)
Start importing Assets/Sprites/UI/grey_circle.png using Guid(e24d3d6a115046d4e8ddb07ddf796ef8) Importer(815301076,1909f56bfc062723c751e8b465ee728b)  -> (artifact id: '4e303cb8e066df350b05ad5fc57e7dc1') in 0.012442 seconds 
========================================================================
Received Import Request.
  Time since last request: 0.000026 seconds.
  path: Assets/Sprites/UI/grey_button12.png
  artifactKey: Guid(64dc2fcd6a55ede42b53ffce4c54538a) Importer(815301076,1909f56bfc062723c751e8b465ee728b)
Start importing Assets/Sprites/UI/grey_button12.png using Guid(64dc2fcd6a55ede42b53ffce4c54538a) Importer(815301076,1909f56bfc062723c751e8b465ee728b)  -> (artifact id: '5bb201f6062a0c4228fb98f4bf9bd68b') in 0.048656 seconds 
========================================================================
Received Import Request.
  Time since last request: 0.000022 seconds.
  path: Assets/Sprites/UI/green_button07.png
  artifactKey: Guid(a9ee2c8ae4f7c1b4db0aba34803f2992) Importer(815301076,1909f56bfc062723c751e8b465ee728b)
Start importing Assets/Sprites/UI/green_button07.png using Guid(a9ee2c8ae4f7c1b4db0aba34803f2992) Importer(815301076,1909f56bfc062723c751e8b465ee728b)  -> (artifact id: 'edd3c748fbfe782148552cce39799a6b') in 0.012074 seconds 
========================================================================
Received Import Request.
  Time since last request: 0.000018 seconds.
  path: Assets/Sprites/UI/green_boxTick.png
  artifactKey: Guid(83472cfdaa8f6a241995bd1a230836e5) Importer(815301076,1909f56bfc062723c751e8b465ee728b)
Start importing Assets/Sprites/UI/green_boxTick.png using Guid(83472cfdaa8f6a241995bd1a230836e5) Importer(815301076,1909f56bfc062723c751e8b465ee728b)  -> (artifact id: 'b442272afddc3bb3dfe256945e83c506') in 0.012184 seconds 
========================================================================
Received Import Request.
  Time since last request: 0.000021 seconds.
  path: Assets/Sprites/UI/green_button08.png
  artifactKey: Guid(c033f9a20eef82a4f95e935caa1f2624) Importer(815301076,1909f56bfc062723c751e8b465ee728b)
Start importing Assets/Sprites/UI/green_button08.png using Guid(c033f9a20eef82a4f95e935caa1f2624) Importer(815301076,1909f56bfc062723c751e8b465ee728b)  -> (artifact id: '8f8f017fd67a9d8be3527676da85f73a') in 0.013403 seconds 
========================================================================
Received Import Request.
  Time since last request: 0.000020 seconds.
  path: Assets/Sprites/UI/green_button01.png
  artifactKey: Guid(11f3ccdc238d7ef4883daff0ee2886e0) Importer(815301076,1909f56bfc062723c751e8b465ee728b)
Start importing Assets/Sprites/UI/green_button01.png using Guid(11f3ccdc238d7ef4883daff0ee2886e0) Importer(815301076,1909f56bfc062723c751e8b465ee728b)  -> (artifact id: '3d989739a4b1c07910d2142e1a0aa60f') in 0.012673 seconds 
========================================================================
Received Import Request.
  Time since last request: 0.000015 seconds.
  path: Assets/Sprites/UI/green_boxCheckmark.png
  artifactKey: Guid(9caee9a74f6c5b340991b86a536add3f) Importer(815301076,1909f56bfc062723c751e8b465ee728b)
Start importing Assets/Sprites/UI/green_boxCheckmark.png using Guid(9caee9a74f6c5b340991b86a536add3f) Importer(815301076,1909f56bfc062723c751e8b465ee728b)  -> (artifact id: '2b774eff08fd7c63805252fe70d3e96b') in 0.010590 seconds 
========================================================================
Received Import Request.
  Time since last request: 0.000020 seconds.
  path: Assets/Sprites/UI/blue_button02.png
  artifactKey: Guid(76e598cca712d5f41811a7cd54821337) Importer(815301076,1909f56bfc062723c751e8b465ee728b)
Start importing Assets/Sprites/UI/blue_button02.png using Guid(76e598cca712d5f41811a7cd54821337) Importer(815301076,1909f56bfc062723c751e8b465ee728b)  -> (artifact id: '9f525fdeb5abf8956cfe1188b8d2b518') in 0.012332 seconds 
========================================================================
Received Import Request.
  Time since last request: 0.000015 seconds.
  path: Assets/Sprites/UI/green_button05.png
  artifactKey: Guid(d89571f58ff4e724180aedee3d8c6689) Importer(815301076,1909f56bfc062723c751e8b465ee728b)
Start importing Assets/Sprites/UI/green_button05.png using Guid(d89571f58ff4e724180aedee3d8c6689) Importer(815301076,1909f56bfc062723c751e8b465ee728b)  -> (artifact id: '93de2201356aea600409c7253535a4b4') in 0.010345 seconds 
========================================================================
Received Import Request.
  Time since last request: 0.000016 seconds.
  path: Assets/Sprites/UI/blue_button12.png
  artifactKey: Guid(1341bae1c84e24c41b4a53a82f3d94cf) Importer(815301076,1909f56bfc062723c751e8b465ee728b)
Start importing Assets/Sprites/UI/blue_button12.png using Guid(1341bae1c84e24c41b4a53a82f3d94cf) Importer(815301076,1909f56bfc062723c751e8b465ee728b)  -> (artifact id: '528d8ef4f9706c48f601e7ec19d7f5c9') in 0.011199 seconds 
========================================================================
Received Import Request.
  Time since last request: 0.000022 seconds.
  path: Assets/Sprites/UI/blue_button09.png
  artifactKey: Guid(26e33e06c5a48b34e82db5633a44430f) Importer(815301076,1909f56bfc062723c751e8b465ee728b)
Start importing Assets/Sprites/UI/blue_button09.png using Guid(26e33e06c5a48b34e82db5633a44430f) Importer(815301076,1909f56bfc062723c751e8b465ee728b)  -> (artifact id: 'c02322804a57d5a40709c6b2c7dafed9') in 0.016929 seconds 
========================================================================
Received Import Request.
  Time since last request: 0.000032 seconds.
  path: Assets/Sprites/UI/grey_button05.png
  artifactKey: Guid(beb6d4589c6ee434dbf1189a9e6a595d) Importer(815301076,1909f56bfc062723c751e8b465ee728b)
Start importing Assets/Sprites/UI/grey_button05.png using Guid(beb6d4589c6ee434dbf1189a9e6a595d) Importer(815301076,1909f56bfc062723c751e8b465ee728b)  -> (artifact id: 'f08a4fec94aadd3ab3c972d9f418323d') in 0.028385 seconds 
========================================================================
Received Import Request.
  Time since last request: 0.000019 seconds.
  path: Assets/Sprites/UI/dropdownTop.png
  artifactKey: Guid(5056c6102da17204eb200d8d52674fef) Importer(815301076,1909f56bfc062723c751e8b465ee728b)
Start importing Assets/Sprites/UI/dropdownTop.png using Guid(5056c6102da17204eb200d8d52674fef) Importer(815301076,1909f56bfc062723c751e8b465ee728b)  -> (artifact id: '040157317c8b80f4cb28a7478fe73db7') in 0.031783 seconds 
========================================================================
Received Import Request.
  Time since last request: 0.000018 seconds.
  path: Assets/Sprites/UI/grey_sliderLeft.png
  artifactKey: Guid(aedd7cfa23001fd42b525f29a032162f) Importer(815301076,1909f56bfc062723c751e8b465ee728b)
Start importing Assets/Sprites/UI/grey_sliderLeft.png using Guid(aedd7cfa23001fd42b525f29a032162f) Importer(815301076,1909f56bfc062723c751e8b465ee728b)  -> (artifact id: '8e1804673f30c487dfdaeb32f3606385') in 0.011234 seconds 
========================================================================
Received Import Request.
  Time since last request: 0.000018 seconds.
  path: Assets/Sprites/UI/grey_button02.png
  artifactKey: Guid(4476c6bf97ec2e2459f3cd1f4067b07b) Importer(815301076,1909f56bfc062723c751e8b465ee728b)
Start importing Assets/Sprites/UI/grey_button02.png using Guid(4476c6bf97ec2e2459f3cd1f4067b07b) Importer(815301076,1909f56bfc062723c751e8b465ee728b)  -> (artifact id: 'f31887bda3eb96dd8ee6283ef7eea265') in 0.041524 seconds 
========================================================================
Received Import Request.
  Time since last request: 0.000027 seconds.
  path: Assets/Sprites/UI/green_sliderDown.png
  artifactKey: Guid(49ed9d06cf825e9499b547eca04a94ac) Importer(815301076,1909f56bfc062723c751e8b465ee728b)
Start importing Assets/Sprites/UI/green_sliderDown.png using Guid(49ed9d06cf825e9499b547eca04a94ac) Importer(815301076,1909f56bfc062723c751e8b465ee728b)  -> (artifact id: '3142142d5264f12e9772db188ee70794') in 0.009368 seconds 
========================================================================
Received Import Request.
  Time since last request: 0.000032 seconds.
  path: Assets/Sprites/UI/green_button10.png
  artifactKey: Guid(f1ec0f72837d3f14fb5f6e7b9a178773) Importer(815301076,1909f56bfc062723c751e8b465ee728b)
Start importing Assets/Sprites/UI/green_button10.png using Guid(f1ec0f72837d3f14fb5f6e7b9a178773) Importer(815301076,1909f56bfc062723c751e8b465ee728b)  -> (artifact id: '306e6f88a74188cef4d98729e544185f') in 0.058261 seconds 
